#
# A fatal error has been detected by the Java Runtime Environment:
#
#  SIGBUS (0x7) at pc=0x00007f1e7758b982, pid=19014, tid=139768943425280
#
# JRE version: Java(TM) SE Runtime Environment (7.0_51-b13) (build 1.7.0_51-b13)
# Java VM: Java HotSpot(TM) 64-Bit Server VM (24.51-b03 mixed mode linux-amd64 compressed oops)
# Problematic frame:
# C  [libzip.so+0x4982]  newEntry+0x62
#
# Failed to write core dump. Core dumps have been disabled. To enable core dumping, try "ulimit -c unlimited" before starting Java again
#
# If you would like to submit a bug report, please visit:
#   http://bugreport.sun.com/bugreport/crash.jsp
# The crash happened outside the Java Virtual Machine in native code.
# See problematic frame for where to report the bug.
#

---------------  T H R E A D  ---------------

Current thread (0x00007f1e7800a000):  JavaThread "main" [_thread_in_native, id=19015, stack(0x00007f1e7e293000,0x00007f1e7e394000)]

siginfo:si_signo=SIGBUS: si_errno=0, si_code=2 (BUS_ADRERR), si_addr=0x00007f1e7e3a1d5d

Registers:
RAX=0x00007f1e7839f670, RBX=0x00007f1e780a53b0, RCX=0x00007f1e78000078, RDX=0x00007f1e78000020
RSP=0x00007f1e7e390520, RBP=0x00007f1e7e390570, RSI=0x0000000000000048, RDI=0x0000000000000090
R8 =0x0000000000000005, R9 =0x0000000000000077, R10=0x00007f1e746035b8, R11=0x0000000000000001
R12=0x00007f1e7e3a1d40, R13=0x00007f1e7839f670, R14=0x000000005022d43d, R15=0x00007f1e780a4c30
RIP=0x00007f1e7758b982, EFLAGS=0x0000000000010202, CSGSFS=0x0101000000000033, ERR=0x0000000000000004
  TRAPNO=0x000000000000000e

Top of Stack: (sp=0x00007f1e7e390520)
0x00007f1e7e390520:   000000077fe00c70 00007f1e00000000
0x00007f1e7e390530:   00007f1e7e3905b0 00007f1e7d10552c
0x00007f1e7e390540:   00007f1e7839f670 00007f1e780a53b0
0x00007f1e7e390550:   00007f1e780a4c30 00007f1e781fa510
0x00007f1e7e390560:   000000005022d43d 00007f1e7e3905d0
0x00007f1e7e390570:   00007f1e7e3905b0 00007f1e7758c0b0
0x00007f1e7e390580:   000000357e3905b0 00007f1e7e3905d0
0x00007f1e7e390590:   0000000000000035 00007f1e7800a1e8
0x00007f1e7e3905a0:   00007f1e7e3905d0 00007f1e7e390a28
0x00007f1e7e3905b0:   00007f1e7e390a10 00007f1e7758aeed
0x00007f1e7e3905c0:   01007f1e7e390a00 00007f1e780a4c30
0x00007f1e7e3905d0:   6f637369642f7469 2f62696d696e752f
0x00007f1e7e3905e0:   72656c6c6562616c 412f7865646e692f
0x00007f1e7e3905f0:   6f697461746f6e6e 2e746c757365526e
0x00007f1e7e390600:   0000007373616c63 00007f1e6f612201
0x00007f1e7e390610:   00007f1e00000900 0000000000000000
0x00007f1e7e390620:   00007f1e7800a000 00007f1e78063290
0x00007f1e7e390630:   00007f1e78078248 00007f1e7800a000
0x00007f1e7e390640:   00007f1e7e3907f0 00007f1e7cf70f6b
0x00007f1e7e390650:   00007f1e7800a000 00007f1e00000000
0x00007f1e7e390660:   00007f1e7e392990 00007f1e78078240
0x00007f1e7e390670:   00007f1e7d7163d0 00007f1e6f612200
0x00007f1e7e390680:   00000000745873d0 00007f1e0000000d
0x00007f1e7e390690:   00007f1e7e390550 0000003000000020
0x00007f1e7e3906a0:   00007f1e7e390800 00007f1e7e390710
0x00007f1e7e3906b0:   00007f1e7800a000 0000000000000000
0x00007f1e7e3906c0:   00007f1e7e390720 00007f1e7d2924d7
0x00007f1e7e3906d0:   0000003000000018 00007f1e7e390800
0x00007f1e7e3906e0:   00007f1e7e390710 00000007d7a0d8f0
0x00007f1e7e3906f0:   000000000000000d 00007f1e78078248
0x00007f1e7e390700:   00007f1e7800a000 000000077ffd1b3d
0x00007f1e7e390710:   00007f1e7e3907a0 000000077ffd3780 

Instructions: (pc=0x00007f1e7758b982)
0x00007f1e7758b962:   00 48 c7 40 28 00 00 00 00 41 80 7f 30 00 0f 84
0x00007f1e7758b972:   8a 02 00 00 4c 8b 63 08 4d 2b 67 28 4d 03 67 18
0x00007f1e7758b982:   41 0f b6 5c 24 1d 41 0f b6 44 24 1c c1 e3 08 09
0x00007f1e7758b992:   c3 41 0f b6 44 24 1e 88 45 bd 41 0f b6 54 24 20 

Register to memory mapping:

RAX=0x00007f1e7839f670 is an unknown value
RBX=0x00007f1e780a53b0 is an unknown value
RCX=0x00007f1e78000078 is an unknown value
RDX=0x00007f1e78000020 is an unknown value
RSP=0x00007f1e7e390520 is pointing into the stack for thread: 0x00007f1e7800a000
RBP=0x00007f1e7e390570 is pointing into the stack for thread: 0x00007f1e7800a000
RSI=0x0000000000000048 is an unknown value
RDI=0x0000000000000090 is an unknown value
R8 =0x0000000000000005 is an unknown value
R9 =0x0000000000000077 is an unknown value
R10=0x00007f1e746035b8 is at entry_point+88 in (nmethod*)0x00007f1e746033d0
R11=0x0000000000000001 is an unknown value
R12=0x00007f1e7e3a1d40 is an unknown value
R13=0x00007f1e7839f670 is an unknown value
R14=0x000000005022d43d is an unknown value
R15=0x00007f1e780a4c30 is an unknown value


Stack: [0x00007f1e7e293000,0x00007f1e7e394000],  sp=0x00007f1e7e390520,  free space=1013k
Native frames: (J=compiled Java code, j=interpreted, Vv=VM code, C=native code)
C  [libzip.so+0x4982]  newEntry+0x62
C  [libzip.so+0x50b0]  ZIP_GetEntry+0xd0
C  [libzip.so+0x3eed]  Java_java_util_zip_ZipFile_getEntry+0xad
J  java.util.zip.ZipFile.getEntry(J[BZ)J

Java frames: (J=compiled Java code, j=interpreted, Vv=VM code)
J  java.util.zip.ZipFile.getEntry(J[BZ)J
J  sun.misc.URLClassPath.getResource(Ljava/lang/String;Z)Lsun/misc/Resource;
j  java.net.URLClassLoader$1.run()Ljava/lang/Class;+26
j  java.net.URLClassLoader$1.run()Ljava/lang/Object;+1
v  ~StubRoutines::call_stub
j  java.security.AccessController.doPrivileged(Ljava/security/PrivilegedExceptionAction;Ljava/security/AccessControlContext;)Ljava/lang/Object;+0
j  java.net.URLClassLoader.findClass(Ljava/lang/String;)Ljava/lang/Class;+13
j  java.lang.ClassLoader.loadClass(Ljava/lang/String;Z)Ljava/lang/Class;+70
j  sun.misc.Launcher$AppClassLoader.loadClass(Ljava/lang/String;Z)Ljava/lang/Class;+36
j  java.lang.ClassLoader.loadClass(Ljava/lang/String;)Ljava/lang/Class;+3
v  ~StubRoutines::call_stub
j  it.disco.unimib.labeller.index.WeightedPredicates.toResults()Ljava/util/List;+41
j  it.disco.unimib.labeller.index.GroupBySearch.get(Ljava/lang/String;Ljava/lang/String;)Ljava/util/List;+205
j  it.disco.unimib.labeller.labelling.CandidatePredicates.forValues(Ljava/lang/String;[Ljava/lang/String;)Ljava/util/HashMap;+43
j  it.disco.unimib.labeller.labelling.MaximumLikelihoodPredicate.typeOf(Ljava/lang/String;Ljava/util/List;)Ljava/util/List;+23
j  it.disco.unimib.labeller.benchmark.Benchmark.on([Lit/disco/unimib/labeller/benchmark/GoldStandardGroup;Lit/disco/unimib/labeller/benchmark/Summary;)V+86
j  it.disco.unimib.labeller.benchmark.Run.main([Ljava/lang/String;)V+35
v  ~StubRoutines::call_stub

---------------  P R O C E S S  ---------------

Java Threads: ( => current thread )
  0x00007f1e781f3800 JavaThread "FileWatchdog" daemon [_thread_blocked, id=19028, stack(0x00007f1e6cdcb000,0x00007f1e6cecc000)]
  0x00007f1e78096800 JavaThread "Service Thread" daemon [_thread_blocked, id=19026, stack(0x00007f1e6d60f000,0x00007f1e6d710000)]
  0x00007f1e78094000 JavaThread "C2 CompilerThread1" daemon [_thread_blocked, id=19025, stack(0x00007f1e6d710000,0x00007f1e6d811000)]
  0x00007f1e78091000 JavaThread "C2 CompilerThread0" daemon [_thread_blocked, id=19024, stack(0x00007f1e6d811000,0x00007f1e6d912000)]
  0x00007f1e78087000 JavaThread "Signal Dispatcher" daemon [_thread_blocked, id=19023, stack(0x00007f1e6d912000,0x00007f1e6da13000)]
  0x00007f1e78070000 JavaThread "Finalizer" daemon [_thread_blocked, id=19022, stack(0x00007f1e6e0f7000,0x00007f1e6e1f8000)]
  0x00007f1e7806c000 JavaThread "Reference Handler" daemon [_thread_blocked, id=19021, stack(0x00007f1e6e1f8000,0x00007f1e6e2f9000)]
=>0x00007f1e7800a000 JavaThread "main" [_thread_in_native, id=19015, stack(0x00007f1e7e293000,0x00007f1e7e394000)]

Other Threads:
  0x00007f1e78069800 VMThread [stack: 0x00007f1e6e2f9000,0x00007f1e6e3fa000] [id=19020]
  0x00007f1e780a1000 WatcherThread [stack: 0x00007f1e6d50e000,0x00007f1e6d60f000] [id=19027]

VM state:not at safepoint (normal execution)

VM Mutex/Monitor currently owned by a thread: None

Heap
 PSYoungGen      total 36864K, used 15514K [0x00000007d7000000, 0x00000007db800000, 0x0000000800000000)
  eden space 31744K, 32% used [0x00000007d7000000,0x00000007d7a2e158,0x00000007d8f00000)
  from space 5120K, 99% used [0x00000007d8f00000,0x00000007d93f8828,0x00000007d9400000)
  to   space 5120K, 0% used [0x00000007db300000,0x00000007db300000,0x00000007db800000)
 ParOldGen       total 83968K, used 5540K [0x0000000785000000, 0x000000078a200000, 0x00000007d7000000)
  object space 83968K, 6% used [0x0000000785000000,0x00000007855692c0,0x000000078a200000)
 PSPermGen       total 21504K, used 8163K [0x000000077fe00000, 0x0000000781300000, 0x0000000785000000)
  object space 21504K, 37% used [0x000000077fe00000,0x00000007805f8d58,0x0000000781300000)

Card table byte_map: [0x00007f1e74185000,0x00007f1e74587000] byte_map_base: 0x00007f1e70586000

Polling page: 0x00007f1e7e3ac000

Code Cache  [0x00007f1e74587000, 0x00007f1e747f7000, 0x00007f1e77587000)
 total_blobs=330 nmethods=55 adapters=229 free_code_cache=48578Kb largest_free_block=49716096

Compilation events (10 events):
Event: 1.043 Thread 0x00007f1e78094000   51             org.apache.lucene.search.HitQueue::lessThan (13 bytes)
Event: 1.044 Thread 0x00007f1e78094000 nmethod 51 0x00007f1e74619850 code [0x00007f1e746199a0, 0x00007f1e74619ab8]
Event: 1.044 Thread 0x00007f1e78091000   52             org.apache.lucene.search.HitQueue::lessThan (47 bytes)
Event: 1.045 Thread 0x00007f1e78091000 nmethod 52 0x00007f1e74609490 code [0x00007f1e746095e0, 0x00007f1e74609698]
Event: 1.047 Thread 0x00007f1e78094000   53             org.apache.lucene.util.PriorityQueue::downHeap (138 bytes)
Event: 1.060 Thread 0x00007f1e78091000   54             org.apache.lucene.util.PriorityQueue::pop (57 bytes)
Event: 1.066 Thread 0x00007f1e78094000 nmethod 53 0x00007f1e74618910 code [0x00007f1e74618ae0, 0x00007f1e74619368]
Event: 1.066 Thread 0x00007f1e78094000   55 %           org.apache.lucene.search.TopDocsCollector::topDocs @ 52 (86 bytes)
Event: 1.070 Thread 0x00007f1e78094000 nmethod 55% 0x00007f1e7460ddd0 code [0x00007f1e7460df40, 0x00007f1e7460e248]
Event: 1.075 Thread 0x00007f1e78091000 nmethod 54 0x00007f1e7461a210 code [0x00007f1e7461a3e0, 0x00007f1e7461ad88]

GC Heap History (2 events):
Event: 0.991 GC heap before
{Heap before GC invocations=1 (full 0):
 PSYoungGen      total 36864K, used 31614K [0x00000007d7000000, 0x00000007d9900000, 0x0000000800000000)
  eden space 31744K, 99% used [0x00000007d7000000,0x00000007d8edf808,0x00000007d8f00000)
  from space 5120K, 0% used [0x00000007d9400000,0x00000007d9400000,0x00000007d9900000)
  to   space 5120K, 0% used [0x00000007d8f00000,0x00000007d8f00000,0x00000007d9400000)
 ParOldGen       total 83968K, used 0K [0x0000000785000000, 0x000000078a200000, 0x00000007d7000000)
  object space 83968K, 0% used [0x0000000785000000,0x0000000785000000,0x000000078a200000)
 PSPermGen       total 21504K, used 8060K [0x000000077fe00000, 0x0000000781300000, 0x0000000785000000)
  object space 21504K, 37% used [0x000000077fe00000,0x00000007805df100,0x0000000781300000)
Event: 1.011 GC heap after
Heap after GC invocations=1 (full 0):
 PSYoungGen      total 36864K, used 5090K [0x00000007d7000000, 0x00000007db800000, 0x0000000800000000)
  eden space 31744K, 0% used [0x00000007d7000000,0x00000007d7000000,0x00000007d8f00000)
  from space 5120K, 99% used [0x00000007d8f00000,0x00000007d93f8828,0x00000007d9400000)
  to   space 5120K, 0% used [0x00000007db300000,0x00000007db300000,0x00000007db800000)
 ParOldGen       total 83968K, used 5540K [0x0000000785000000, 0x000000078a200000, 0x00000007d7000000)
  object space 83968K, 6% used [0x0000000785000000,0x00000007855692c0,0x000000078a200000)
 PSPermGen       total 21504K, used 8060K [0x000000077fe00000, 0x0000000781300000, 0x0000000785000000)
  object space 21504K, 37% used [0x000000077fe00000,0x00000007805df100,0x0000000781300000)
}

Deoptimization events (0 events):
No events

Internal exceptions (10 events):
Event: 1.076 Thread 0x00007f1e7800a000 Threw 0x00000007d79a12c0 at /HUDSON/workspace/7u-2-build-linux-amd64@2/jdk7u51/527/hotspot/src/share/vm/prims/jvm.cpp:1244
Event: 1.078 Thread 0x00007f1e7800a000 Threw 0x00000007d79ac348 at /HUDSON/workspace/7u-2-build-linux-amd64@2/jdk7u51/527/hotspot/src/share/vm/prims/jvm.cpp:1244
Event: 1.078 Thread 0x00007f1e7800a000 Threw 0x00000007d79b2010 at /HUDSON/workspace/7u-2-build-linux-amd64@2/jdk7u51/527/hotspot/src/share/vm/prims/jvm.cpp:1244
Event: 1.078 Thread 0x00007f1e7800a000 Threw 0x00000007d79b7480 at /HUDSON/workspace/7u-2-build-linux-amd64@2/jdk7u51/527/hotspot/src/share/vm/prims/jvm.cpp:1244
Event: 1.079 Thread 0x00007f1e7800a000 Threw 0x00000007d79beb10 at /HUDSON/workspace/7u-2-build-linux-amd64@2/jdk7u51/527/hotspot/src/share/vm/prims/jvm.cpp:1244
Event: 1.079 Thread 0x00007f1e7800a000 Threw 0x00000007d79c3058 at /HUDSON/workspace/7u-2-build-linux-amd64@2/jdk7u51/527/hotspot/src/share/vm/prims/jvm.cpp:1244
Event: 1.079 Thread 0x00007f1e7800a000 Threw 0x00000007d79c7cf0 at /HUDSON/workspace/7u-2-build-linux-amd64@2/jdk7u51/527/hotspot/src/share/vm/prims/jvm.cpp:1244
Event: 1.080 Thread 0x00007f1e7800a000 Threw 0x00000007d79d4d48 at /HUDSON/workspace/7u-2-build-linux-amd64@2/jdk7u51/527/hotspot/src/share/vm/prims/jvm.cpp:1244
Event: 1.081 Thread 0x00007f1e7800a000 Threw 0x00000007d79dbe98 at /HUDSON/workspace/7u-2-build-linux-amd64@2/jdk7u51/527/hotspot/src/share/vm/prims/jvm.cpp:1244
Event: 1.086 Thread 0x00007f1e7800a000 Threw 0x00000007d7a0d3b8 at /HUDSON/workspace/7u-2-build-linux-amd64@2/jdk7u51/527/hotspot/src/share/vm/prims/jvm.cpp:1244

Events (10 events):
Event: 1.079 loading class 0x00007f1e781555c0
Event: 1.079 loading class 0x00007f1e781555c0 done
Event: 1.079 loading class 0x00007f1e781551b0
Event: 1.079 loading class 0x00007f1e781551b0 done
Event: 1.080 loading class 0x00007f1e783a0370
Event: 1.080 loading class 0x00007f1e783a0370 done
Event: 1.081 loading class 0x00007f1e783a0420
Event: 1.081 loading class 0x00007f1e783a0420 done
Event: 1.086 loading class 0x00007f1e78102050
Event: 1.086 loading class 0x00007f1e78102050 done


Dynamic libraries:
00400000-00401000 r-xp 00000000 08:01 2231394                            /usr/lib/jvm/java-7-oracle/jre/bin/java
00600000-00601000 rw-p 00000000 08:01 2231394                            /usr/lib/jvm/java-7-oracle/jre/bin/java
018e6000-01907000 rw-p 00000000 00:00 0                                  [heap]
77fe00000-781300000 rw-p 00000000 00:00 0 
781300000-785000000 rw-p 00000000 00:00 0 
785000000-78a200000 rw-p 00000000 00:00 0 
78a200000-7d7000000 rw-p 00000000 00:00 0 
7d7000000-7db800000 rw-p 00000000 00:00 0 
7db800000-800000000 rw-p 00000000 00:00 0 
7f1e38000000-7f1e383d0000 rw-p 00000000 00:00 0 
7f1e383d0000-7f1e3c000000 ---p 00000000 00:00 0 
7f1e3c000000-7f1e3c021000 rw-p 00000000 00:00 0 
7f1e3c021000-7f1e40000000 ---p 00000000 00:00 0 
7f1e40000000-7f1e40021000 rw-p 00000000 00:00 0 
7f1e40021000-7f1e44000000 ---p 00000000 00:00 0 
7f1e44000000-7f1e44021000 rw-p 00000000 00:00 0 
7f1e44021000-7f1e48000000 ---p 00000000 00:00 0 
7f1e48000000-7f1e48021000 rw-p 00000000 00:00 0 
7f1e48021000-7f1e4c000000 ---p 00000000 00:00 0 
7f1e4c000000-7f1e4c5ec000 rw-p 00000000 00:00 0 
7f1e4c5ec000-7f1e50000000 ---p 00000000 00:00 0 
7f1e50000000-7f1e50021000 rw-p 00000000 00:00 0 
7f1e50021000-7f1e54000000 ---p 00000000 00:00 0 
7f1e54000000-7f1e54021000 rw-p 00000000 00:00 0 
7f1e54021000-7f1e58000000 ---p 00000000 00:00 0 
7f1e58000000-7f1e58021000 rw-p 00000000 00:00 0 
7f1e58021000-7f1e5c000000 ---p 00000000 00:00 0 
7f1e5c000000-7f1e5c021000 rw-p 00000000 00:00 0 
7f1e5c021000-7f1e60000000 ---p 00000000 00:00 0 
7f1e60000000-7f1e60021000 rw-p 00000000 00:00 0 
7f1e60021000-7f1e64000000 ---p 00000000 00:00 0 
7f1e64000000-7f1e64021000 rw-p 00000000 00:00 0 
7f1e64021000-7f1e68000000 ---p 00000000 00:00 0 
7f1e68000000-7f1e68021000 rw-p 00000000 00:00 0 
7f1e68021000-7f1e6c000000 ---p 00000000 00:00 0 
7f1e6cbc2000-7f1e6cbc3000 rw-p 00000000 00:00 0 
7f1e6cbc3000-7f1e6cbcb000 r-xp 00000000 08:01 1837723                    /usr/lib/jvm/java-7-oracle/jre/lib/amd64/libmanagement.so
7f1e6cbcb000-7f1e6cdca000 ---p 00008000 08:01 1837723                    /usr/lib/jvm/java-7-oracle/jre/lib/amd64/libmanagement.so
7f1e6cdca000-7f1e6cdcb000 rw-p 00007000 08:01 1837723                    /usr/lib/jvm/java-7-oracle/jre/lib/amd64/libmanagement.so
7f1e6cdcb000-7f1e6cdce000 ---p 00000000 00:00 0 
7f1e6cdce000-7f1e6cecc000 rw-p 00000000 00:00 0                          [stack:19028]
7f1e6cecc000-7f1e6ced3000 r--s 00039000 08:01 25691660                   /home/brandopreda/cluster-labelling/labelling/lib/commons-codec-1.7.jar
7f1e6ced3000-7f1e6ced8000 r--s 0002a000 08:01 25691664                   /home/brandopreda/cluster-labelling/labelling/lib/gson-2.2.4.jar
7f1e6ced8000-7f1e6cee8000 r-xp 00000000 08:01 1837735                    /usr/lib/jvm/java-7-oracle/jre/lib/amd64/libnio.so
7f1e6cee8000-7f1e6d0e8000 ---p 00010000 08:01 1837735                    /usr/lib/jvm/java-7-oracle/jre/lib/amd64/libnio.so
7f1e6d0e8000-7f1e6d0e9000 rw-p 00010000 08:01 1837735                    /usr/lib/jvm/java-7-oracle/jre/lib/amd64/libnio.so
7f1e6d0e9000-7f1e6d11a000 rw-p 00000000 00:00 0 
7f1e6d11a000-7f1e6d130000 r-xp 00000000 08:01 1837765                    /usr/lib/jvm/java-7-oracle/jre/lib/amd64/libnet.so
7f1e6d130000-7f1e6d330000 ---p 00016000 08:01 1837765                    /usr/lib/jvm/java-7-oracle/jre/lib/amd64/libnet.so
7f1e6d330000-7f1e6d331000 rw-p 00016000 08:01 1837765                    /usr/lib/jvm/java-7-oracle/jre/lib/amd64/libnet.so
7f1e6d331000-7f1e6d368000 rw-p 00000000 00:00 0 
7f1e6d368000-7f1e6d4ae000 r--s 084a1000 08:01 25691659                   /home/brandopreda/cluster-labelling/labelling/lib/TRank-assembly-1.0.jar
7f1e6d4ae000-7f1e6d4b4000 r--s 00048000 08:01 25691661                   /home/brandopreda/cluster-labelling/labelling/lib/commons-lang3-3.1.jar
7f1e6d4b4000-7f1e6d4b6000 r--s 00005000 08:01 25691672                   /home/brandopreda/cluster-labelling/labelling/lib/slf4j-api-1.7.5.jar
7f1e6d4b6000-7f1e6d4b8000 r--s 00005000 08:01 25691669                   /home/brandopreda/cluster-labelling/labelling/lib/httpmime-4.2.3.jar
7f1e6d4b8000-7f1e6d4c1000 r--s 0006d000 08:01 25691671                   /home/brandopreda/cluster-labelling/labelling/lib/log4j-1.2.16.jar
7f1e6d4c1000-7f1e6d4c5000 r--s 0001d000 08:01 25693892                   /home/brandopreda/cluster-labelling/labelling/lib/simmetrics_jar_v1_6_2_d07_02_07.jar
7f1e6d4c5000-7f1e6d4cb000 r--s 00031000 08:01 25691668                   /home/brandopreda/cluster-labelling/labelling/lib/httpcore-4.2.2.jar
7f1e6d4cb000-7f1e6d4d1000 r--s 00036000 08:01 25691670                   /home/brandopreda/cluster-labelling/labelling/lib/junit-4.11.jar
7f1e6d4d1000-7f1e6d4da000 r--s 00060000 08:01 25691667                   /home/brandopreda/cluster-labelling/labelling/lib/httpclient-4.2.2.jar
7f1e6d4da000-7f1e6d50e000 r--s 002c6000 08:01 25692310                   /home/brandopreda/cluster-labelling/labelling/lib/jOpenDocument-1.4rc1.jar
7f1e6d50e000-7f1e6d50f000 ---p 00000000 00:00 0 
7f1e6d50f000-7f1e6d60f000 rw-p 00000000 00:00 0                          [stack:19027]
7f1e6d60f000-7f1e6d612000 ---p 00000000 00:00 0 
7f1e6d612000-7f1e6d710000 rw-p 00000000 00:00 0                          [stack:19026]
7f1e6d710000-7f1e6d713000 ---p 00000000 00:00 0 
7f1e6d713000-7f1e6d811000 rw-p 00000000 00:00 0                          [stack:19025]
7f1e6d811000-7f1e6d814000 ---p 00000000 00:00 0 
7f1e6d814000-7f1e6d912000 rw-p 00000000 00:00 0                          [stack:19024]
7f1e6d912000-7f1e6d915000 ---p 00000000 00:00 0 
7f1e6d915000-7f1e6da13000 rw-p 00000000 00:00 0                          [stack:19023]
7f1e6da13000-7f1e6e0f7000 r--p 00000000 08:01 29626516                   /usr/lib/locale/locale-archive
7f1e6e0f7000-7f1e6e0fa000 ---p 00000000 00:00 0 
7f1e6e0fa000-7f1e6e1f8000 rw-p 00000000 00:00 0                          [stack:19022]
7f1e6e1f8000-7f1e6e1fb000 ---p 00000000 00:00 0 
7f1e6e1fb000-7f1e6e2f9000 rw-p 00000000 00:00 0                          [stack:19021]
7f1e6e2f9000-7f1e6e2fa000 ---p 00000000 00:00 0 
7f1e6e2fa000-7f1e6f3d8000 rw-p 00000000 00:00 0                          [stack:19020]
7f1e6f3d8000-7f1e6f595000 r--s 039bf000 08:01 1837917                    /usr/lib/jvm/java-7-oracle/jre/lib/rt.jar
7f1e6f595000-7f1e73ac8000 rw-p 00000000 00:00 0 
7f1e73ac8000-7f1e73ac9000 ---p 00000000 00:00 0 
7f1e73ac9000-7f1e73bc9000 rw-p 00000000 00:00 0                          [stack:19019]
7f1e73bc9000-7f1e73bca000 ---p 00000000 00:00 0 
7f1e73bca000-7f1e73cca000 rw-p 00000000 00:00 0                          [stack:19018]
7f1e73cca000-7f1e73ccb000 ---p 00000000 00:00 0 
7f1e73ccb000-7f1e73dcb000 rw-p 00000000 00:00 0                          [stack:19017]
7f1e73dcb000-7f1e73dcc000 ---p 00000000 00:00 0 
7f1e73dcc000-7f1e73ed7000 rw-p 00000000 00:00 0                          [stack:19016]
7f1e73ed7000-7f1e73ef5000 rw-p 00000000 00:00 0 
7f1e73ef5000-7f1e73f1e000 rw-p 00000000 00:00 0 
7f1e73f1e000-7f1e74185000 rw-p 00000000 00:00 0 
7f1e74185000-7f1e74190000 rw-p 00000000 00:00 0 
7f1e74190000-7f1e741ae000 rw-p 00000000 00:00 0 
7f1e741ae000-7f1e741d7000 rw-p 00000000 00:00 0 
7f1e741d7000-7f1e7443e000 rw-p 00000000 00:00 0 
7f1e7443e000-7f1e74462000 rw-p 00000000 00:00 0 
7f1e74462000-7f1e74586000 rw-p 00000000 00:00 0 
7f1e74586000-7f1e74587000 rw-p 00000000 00:00 0 
7f1e74587000-7f1e747f7000 rwxp 00000000 00:00 0 
7f1e747f7000-7f1e77587000 rw-p 00000000 00:00 0 
7f1e77587000-7f1e775a1000 r-xp 00000000 08:01 1837777                    /usr/lib/jvm/java-7-oracle/jre/lib/amd64/libzip.so
7f1e775a1000-7f1e777a1000 ---p 0001a000 08:01 1837777                    /usr/lib/jvm/java-7-oracle/jre/lib/amd64/libzip.so
7f1e777a1000-7f1e777a2000 rw-p 0001a000 08:01 1837777                    /usr/lib/jvm/java-7-oracle/jre/lib/amd64/libzip.so
7f1e777a2000-7f1e777ae000 r-xp 00000000 08:01 524315                     /lib/x86_64-linux-gnu/libnss_files-2.15.so
7f1e777ae000-7f1e779ad000 ---p 0000c000 08:01 524315                     /lib/x86_64-linux-gnu/libnss_files-2.15.so
7f1e779ad000-7f1e779ae000 r--p 0000b000 08:01 524315                     /lib/x86_64-linux-gnu/libnss_files-2.15.so
7f1e779ae000-7f1e779af000 rw-p 0000c000 08:01 524315                     /lib/x86_64-linux-gnu/libnss_files-2.15.so
7f1e779af000-7f1e779b9000 r-xp 00000000 08:01 524293                     /lib/x86_64-linux-gnu/libnss_nis-2.15.so
7f1e779b9000-7f1e77bb9000 ---p 0000a000 08:01 524293                     /lib/x86_64-linux-gnu/libnss_nis-2.15.so
7f1e77bb9000-7f1e77bba000 r--p 0000a000 08:01 524293                     /lib/x86_64-linux-gnu/libnss_nis-2.15.so
7f1e77bba000-7f1e77bbb000 rw-p 0000b000 08:01 524293                     /lib/x86_64-linux-gnu/libnss_nis-2.15.so
7f1e77bbb000-7f1e77bd2000 r-xp 00000000 08:01 524400                     /lib/x86_64-linux-gnu/libnsl-2.15.so
7f1e77bd2000-7f1e77dd1000 ---p 00017000 08:01 524400                     /lib/x86_64-linux-gnu/libnsl-2.15.so
7f1e77dd1000-7f1e77dd2000 r--p 00016000 08:01 524400                     /lib/x86_64-linux-gnu/libnsl-2.15.so
7f1e77dd2000-7f1e77dd3000 rw-p 00017000 08:01 524400                     /lib/x86_64-linux-gnu/libnsl-2.15.so
7f1e77dd3000-7f1e77dd5000 rw-p 00000000 00:00 0 
7f1e77dd5000-7f1e77dfe000 r-xp 00000000 08:01 1837788                    /usr/lib/jvm/java-7-oracle/jre/lib/amd64/libjava.so
7f1e77dfe000-7f1e77ffe000 ---p 00029000 08:01 1837788                    /usr/lib/jvm/java-7-oracle/jre/lib/amd64/libjava.so
7f1e77ffe000-7f1e78000000 rw-p 00029000 08:01 1837788                    /usr/lib/jvm/java-7-oracle/jre/lib/amd64/libjava.so
7f1e78000000-7f1e783a8000 rw-p 00000000 00:00 0 
7f1e783a8000-7f1e7c000000 ---p 00000000 00:00 0 
7f1e7c001000-7f1e7c008000 r--s 00056000 08:01 25691653                   /home/brandopreda/cluster-labelling/labelling/lib/nxparser-1.2.3.jar
7f1e7c008000-7f1e7c00b000 r--s 00018000 08:01 25692858                   /home/brandopreda/cluster-labelling/labelling/lib/lucene-grouping-4.5.1.jar
7f1e7c00b000-7f1e7c014000 r--s 00055000 08:01 25691652                   /home/brandopreda/cluster-labelling/labelling/lib/lucene-queryparser-4.5.1.jar
7f1e7c014000-7f1e7c01c000 r-xp 00000000 08:01 524404                     /lib/x86_64-linux-gnu/libnss_compat-2.15.so
7f1e7c01c000-7f1e7c21b000 ---p 00008000 08:01 524404                     /lib/x86_64-linux-gnu/libnss_compat-2.15.so
7f1e7c21b000-7f1e7c21c000 r--p 00007000 08:01 524404                     /lib/x86_64-linux-gnu/libnss_compat-2.15.so
7f1e7c21c000-7f1e7c21d000 rw-p 00008000 08:01 524404                     /lib/x86_64-linux-gnu/libnss_compat-2.15.so
7f1e7c21d000-7f1e7c22a000 r-xp 00000000 08:01 1837757                    /usr/lib/jvm/java-7-oracle/jre/lib/amd64/libverify.so
7f1e7c22a000-7f1e7c429000 ---p 0000d000 08:01 1837757                    /usr/lib/jvm/java-7-oracle/jre/lib/amd64/libverify.so
7f1e7c429000-7f1e7c42b000 rw-p 0000c000 08:01 1837757                    /usr/lib/jvm/java-7-oracle/jre/lib/amd64/libverify.so
7f1e7c42b000-7f1e7c432000 r-xp 00000000 08:01 524392                     /lib/x86_64-linux-gnu/librt-2.15.so
7f1e7c432000-7f1e7c631000 ---p 00007000 08:01 524392                     /lib/x86_64-linux-gnu/librt-2.15.so
7f1e7c631000-7f1e7c632000 r--p 00006000 08:01 524392                     /lib/x86_64-linux-gnu/librt-2.15.so
7f1e7c632000-7f1e7c633000 rw-p 00007000 08:01 524392                     /lib/x86_64-linux-gnu/librt-2.15.so
7f1e7c633000-7f1e7c72e000 r-xp 00000000 08:01 524401                     /lib/x86_64-linux-gnu/libm-2.15.so
7f1e7c72e000-7f1e7c92d000 ---p 000fb000 08:01 524401                     /lib/x86_64-linux-gnu/libm-2.15.so
7f1e7c92d000-7f1e7c92e000 r--p 000fa000 08:01 524401                     /lib/x86_64-linux-gnu/libm-2.15.so
7f1e7c92e000-7f1e7c92f000 rw-p 000fb000 08:01 524401                     /lib/x86_64-linux-gnu/libm-2.15.so
7f1e7c92f000-7f1e7d491000 r-xp 00000000 08:01 1837716                    /usr/lib/jvm/java-7-oracle/jre/lib/amd64/server/libjvm.so
7f1e7d491000-7f1e7d691000 ---p 00b62000 08:01 1837716                    /usr/lib/jvm/java-7-oracle/jre/lib/amd64/server/libjvm.so
7f1e7d691000-7f1e7d754000 rw-p 00b62000 08:01 1837716                    /usr/lib/jvm/java-7-oracle/jre/lib/amd64/server/libjvm.so
7f1e7d754000-7f1e7d795000 rw-p 00000000 00:00 0 
7f1e7d795000-7f1e7d94a000 r-xp 00000000 08:01 524405                     /lib/x86_64-linux-gnu/libc-2.15.so
7f1e7d94a000-7f1e7db4a000 ---p 001b5000 08:01 524405                     /lib/x86_64-linux-gnu/libc-2.15.so
7f1e7db4a000-7f1e7db4e000 r--p 001b5000 08:01 524405                     /lib/x86_64-linux-gnu/libc-2.15.so
7f1e7db4e000-7f1e7db50000 rw-p 001b9000 08:01 524405                     /lib/x86_64-linux-gnu/libc-2.15.so
7f1e7db50000-7f1e7db55000 rw-p 00000000 00:00 0 
7f1e7db55000-7f1e7db57000 r-xp 00000000 08:01 524403                     /lib/x86_64-linux-gnu/libdl-2.15.so
7f1e7db57000-7f1e7dd57000 ---p 00002000 08:01 524403                     /lib/x86_64-linux-gnu/libdl-2.15.so
7f1e7dd57000-7f1e7dd58000 r--p 00002000 08:01 524403                     /lib/x86_64-linux-gnu/libdl-2.15.so
7f1e7dd58000-7f1e7dd59000 rw-p 00003000 08:01 524403                     /lib/x86_64-linux-gnu/libdl-2.15.so
7f1e7dd59000-7f1e7dd6f000 r-xp 00000000 08:01 1837771                    /usr/lib/jvm/java-7-oracle/jre/lib/amd64/jli/libjli.so
7f1e7dd6f000-7f1e7df6f000 ---p 00016000 08:01 1837771                    /usr/lib/jvm/java-7-oracle/jre/lib/amd64/jli/libjli.so
7f1e7df6f000-7f1e7df70000 rw-p 00016000 08:01 1837771                    /usr/lib/jvm/java-7-oracle/jre/lib/amd64/jli/libjli.so
7f1e7df70000-7f1e7df88000 r-xp 00000000 08:01 524311                     /lib/x86_64-linux-gnu/libpthread-2.15.so
7f1e7df88000-7f1e7e187000 ---p 00018000 08:01 524311                     /lib/x86_64-linux-gnu/libpthread-2.15.so
7f1e7e187000-7f1e7e188000 r--p 00017000 08:01 524311                     /lib/x86_64-linux-gnu/libpthread-2.15.so
7f1e7e188000-7f1e7e189000 rw-p 00018000 08:01 524311                     /lib/x86_64-linux-gnu/libpthread-2.15.so
7f1e7e189000-7f1e7e18d000 rw-p 00000000 00:00 0 
7f1e7e18d000-7f1e7e1af000 r-xp 00000000 08:01 524393                     /lib/x86_64-linux-gnu/ld-2.15.so
7f1e7e1b0000-7f1e7e1b2000 r--s 00001000 08:01 25691673                   /home/brandopreda/cluster-labelling/labelling/lib/slf4j-log4j12-1.7.5.jar
7f1e7e1b2000-7f1e7e1dd000 rw-p 00000000 00:00 0 
7f1e7e1dd000-7f1e7e293000 rw-p 00000000 00:00 0 
7f1e7e293000-7f1e7e296000 ---p 00000000 00:00 0 
7f1e7e296000-7f1e7e398000 rw-p 00000000 00:00 0                          [stack:19015]
7f1e7e398000-7f1e7e39a000 r--s 0000d000 08:01 25691662                   /home/brandopreda/cluster-labelling/labelling/lib/commons-logging-1.1.1.jar
7f1e7e39a000-7f1e7e39b000 r--s 0000c000 08:01 25691666                   /home/brandopreda/cluster-labelling/labelling/lib/hamcrest-library-1.3.jar
7f1e7e39b000-7f1e7e39d000 r--s 00009000 08:01 25691665                   /home/brandopreda/cluster-labelling/labelling/lib/hamcrest-core-1.3.jar
7f1e7e39d000-7f1e7e39f000 r--s 00004000 08:01 25691663                   /home/brandopreda/cluster-labelling/labelling/lib/cpsuite-1.2.5.jar
7f1e7e39f000-7f1e7e3a3000 r--s 0001a000 08:01 25563075                   /home/brandopreda/cluster-labelling/labelling/labelling.jar
7f1e7e3a3000-7f1e7e3ab000 rw-s 00000000 08:01 4196968                    /tmp/hsperfdata_brandopreda/19014
7f1e7e3ab000-7f1e7e3ac000 rw-p 00000000 00:00 0 
7f1e7e3ac000-7f1e7e3ad000 r--p 00000000 00:00 0 
7f1e7e3ad000-7f1e7e3af000 rw-p 00000000 00:00 0 
7f1e7e3af000-7f1e7e3b0000 r--p 00022000 08:01 524393                     /lib/x86_64-linux-gnu/ld-2.15.so
7f1e7e3b0000-7f1e7e3b2000 rw-p 00023000 08:01 524393                     /lib/x86_64-linux-gnu/ld-2.15.so
7fff045a9000-7fff045ca000 rw-p 00000000 00:00 0                          [stack]
7fff045db000-7fff045dc000 r-xp 00000000 00:00 0                          [vdso]
ffffffffff600000-ffffffffff601000 r-xp 00000000 00:00 0                  [vsyscall]

VM Arguments:
java_command: it.disco.unimib.labeller.benchmark.Run yago1 ml-jaccard qualitative with-context
Launcher Type: SUN_STANDARD

Environment Variables:
PATH=/usr/lib/lightdm/lightdm:/usr/local/sbin:/usr/local/bin:/usr/sbin:/usr/bin:/sbin:/bin:/usr/games:/usr/local/games
SHELL=/bin/bash
DISPLAY=:0.0

Signal Handlers:
SIGSEGV: [libjvm.so+0x993870], sa_mask[0]=0x7ffbfeff, sa_flags=0x10000004
SIGBUS: [libjvm.so+0x993870], sa_mask[0]=0x7ffbfeff, sa_flags=0x10000004
SIGFPE: [libjvm.so+0x8105b0], sa_mask[0]=0x7ffbfeff, sa_flags=0x10000004
SIGPIPE: [libjvm.so+0x8105b0], sa_mask[0]=0x7ffbfeff, sa_flags=0x10000004
SIGXFSZ: [libjvm.so+0x8105b0], sa_mask[0]=0x7ffbfeff, sa_flags=0x10000004
SIGILL: [libjvm.so+0x8105b0], sa_mask[0]=0x7ffbfeff, sa_flags=0x10000004
SIGUSR1: SIG_DFL, sa_mask[0]=0x00000000, sa_flags=0x00000000
SIGUSR2: [libjvm.so+0x811aa0], sa_mask[0]=0x00000000, sa_flags=0x10000004
SIGHUP: [libjvm.so+0x812a10], sa_mask[0]=0x7ffbfeff, sa_flags=0x10000004
SIGINT: [libjvm.so+0x812a10], sa_mask[0]=0x7ffbfeff, sa_flags=0x10000004
SIGTERM: [libjvm.so+0x812a10], sa_mask[0]=0x7ffbfeff, sa_flags=0x10000004
SIGQUIT: [libjvm.so+0x812a10], sa_mask[0]=0x7ffbfeff, sa_flags=0x10000004


---------------  S Y S T E M  ---------------

OS:wheezy/sid

uname:Linux 3.5.0-46-generic #70-Ubuntu SMP Wed Jan 8 18:40:46 UTC 2014 x86_64
libc:glibc 2.15 NPTL 2.15 
rlimit: STACK 8192k, CORE 0k, NPROC 62783, NOFILE 4096, AS infinity
load average:3.89 1.70 1.01

/proc/meminfo:
MemTotal:        8054836 kB
MemFree:         4686676 kB
Buffers:          275128 kB
Cached:          1206020 kB
SwapCached:            0 kB
Active:          2320100 kB
Inactive:         746812 kB
Active(anon):    1626720 kB
Inactive(anon):   145388 kB
Active(file):     693380 kB
Inactive(file):   601424 kB
Unevictable:       31340 kB
Mlocked:           31340 kB
SwapTotal:       8263676 kB
SwapFree:        8263676 kB
Dirty:              1892 kB
Writeback:             0 kB
AnonPages:       1616716 kB
Mapped:           142516 kB
Shmem:            180520 kB
Slab:             156404 kB
SReclaimable:     129400 kB
SUnreclaim:        27004 kB
KernelStack:        4112 kB
PageTables:        24480 kB
NFS_Unstable:          0 kB
Bounce:                0 kB
WritebackTmp:          0 kB
CommitLimit:    12291092 kB
Committed_AS:    4277744 kB
VmallocTotal:   34359738367 kB
VmallocUsed:      567024 kB
VmallocChunk:   34359126687 kB
HardwareCorrupted:     0 kB
AnonHugePages:         0 kB
HugePages_Total:       0
HugePages_Free:        0
HugePages_Rsvd:        0
HugePages_Surp:        0
Hugepagesize:       2048 kB
DirectMap4k:       53248 kB
DirectMap2M:     8235008 kB


CPU:total 4 (2 cores per cpu, 2 threads per core) family 6 model 58 stepping 9, cmov, cx8, fxsr, mmx, sse, sse2, sse3, ssse3, sse4.1, sse4.2, popcnt, avx, aes, erms, ht, tsc, tscinvbit, tscinv

/proc/cpuinfo:
processor	: 0
vendor_id	: GenuineIntel
cpu family	: 6
model		: 58
model name	: Intel(R) Core(TM) i5-3230M CPU @ 2.60GHz
stepping	: 9
microcode	: 0x15
cpu MHz		: 2601.000
cache size	: 3072 KB
physical id	: 0
siblings	: 4
core id		: 0
cpu cores	: 2
apicid		: 0
initial apicid	: 0
fpu		: yes
fpu_exception	: yes
cpuid level	: 13
wp		: yes
flags		: fpu vme de pse tsc msr pae mce cx8 apic sep mtrr pge mca cmov pat pse36 clflush dts acpi mmx fxsr sse sse2 ss ht tm pbe syscall nx rdtscp lm constant_tsc arch_perfmon pebs bts rep_good nopl xtopology nonstop_tsc aperfmperf pni pclmulqdq dtes64 monitor ds_cpl vmx est tm2 ssse3 cx16 xtpr pdcm pcid sse4_1 sse4_2 x2apic popcnt tsc_deadline_timer aes xsave avx f16c rdrand lahf_lm ida arat epb xsaveopt pln pts dtherm tpr_shadow vnmi flexpriority ept vpid fsgsbase smep erms
bogomips	: 5187.90
clflush size	: 64
cache_alignment	: 64
address sizes	: 36 bits physical, 48 bits virtual
power management:

processor	: 1
vendor_id	: GenuineIntel
cpu family	: 6
model		: 58
model name	: Intel(R) Core(TM) i5-3230M CPU @ 2.60GHz
stepping	: 9
microcode	: 0x15
cpu MHz		: 2601.000
cache size	: 3072 KB
physical id	: 0
siblings	: 4
core id		: 0
cpu cores	: 2
apicid		: 1
initial apicid	: 1
fpu		: yes
fpu_exception	: yes
cpuid level	: 13
wp		: yes
flags		: fpu vme de pse tsc msr pae mce cx8 apic sep mtrr pge mca cmov pat pse36 clflush dts acpi mmx fxsr sse sse2 ss ht tm pbe syscall nx rdtscp lm constant_tsc arch_perfmon pebs bts rep_good nopl xtopology nonstop_tsc aperfmperf pni pclmulqdq dtes64 monitor ds_cpl vmx est tm2 ssse3 cx16 xtpr pdcm pcid sse4_1 sse4_2 x2apic popcnt tsc_deadline_timer aes xsave avx f16c rdrand lahf_lm ida arat epb xsaveopt pln pts dtherm tpr_shadow vnmi flexpriority ept vpid fsgsbase smep erms
bogomips	: 5187.90
clflush size	: 64
cache_alignment	: 64
address sizes	: 36 bits physical, 48 bits virtual
power management:

processor	: 2
vendor_id	: GenuineIntel
cpu family	: 6
model		: 58
model name	: Intel(R) Core(TM) i5-3230M CPU @ 2.60GHz
stepping	: 9
microcode	: 0x15
cpu MHz		: 1200.000
cache size	: 3072 KB
physical id	: 0
siblings	: 4
core id		: 1
cpu cores	: 2
apicid		: 2
initial apicid	: 2
fpu		: yes
fpu_exception	: yes
cpuid level	: 13
wp		: yes
flags		: fpu vme de pse tsc msr pae mce cx8 apic sep mtrr pge mca cmov pat pse36 clflush dts acpi mmx fxsr sse sse2 ss ht tm pbe syscall nx rdtscp lm constant_tsc arch_perfmon pebs bts rep_good nopl xtopology nonstop_tsc aperfmperf pni pclmulqdq dtes64 monitor ds_cpl vmx est tm2 ssse3 cx16 xtpr pdcm pcid sse4_1 sse4_2 x2apic popcnt tsc_deadline_timer aes xsave avx f16c rdrand lahf_lm ida arat epb xsaveopt pln pts dtherm tpr_shadow vnmi flexpriority ept vpid fsgsbase smep erms
bogomips	: 5187.90
clflush size	: 64
cache_alignment	: 64
address sizes	: 36 bits physical, 48 bits virtual
power management:

processor	: 3
vendor_id	: GenuineIntel
cpu family	: 6
model		: 58
model name	: Intel(R) Core(TM) i5-3230M CPU @ 2.60GHz
stepping	: 9
microcode	: 0x15
cpu MHz		: 2601.000
cache size	: 3072 KB
physical id	: 0
siblings	: 4
core id		: 1
cpu cores	: 2
apicid		: 3
initial apicid	: 3
fpu		: yes
fpu_exception	: yes
cpuid level	: 13
wp		: yes
flags		: fpu vme de pse tsc msr pae mce cx8 apic sep mtrr pge mca cmov pat pse36 clflush dts acpi mmx fxsr sse sse2 ss ht tm pbe syscall nx rdtscp lm constant_tsc arch_perfmon pebs bts rep_good nopl xtopology nonstop_tsc aperfmperf pni pclmulqdq dtes64 monitor ds_cpl vmx est tm2 ssse3 cx16 xtpr pdcm pcid sse4_1 sse4_2 x2apic popcnt tsc_deadline_timer aes xsave avx f16c rdrand lahf_lm ida arat epb xsaveopt pln pts dtherm tpr_shadow vnmi flexpriority ept vpid fsgsbase smep erms
bogomips	: 5187.90
clflush size	: 64
cache_alignment	: 64
address sizes	: 36 bits physical, 48 bits virtual
power management:



Memory: 4k page, physical 8054836k(4686676k free), swap 8263676k(8263676k free)

vm_info: Java HotSpot(TM) 64-Bit Server VM (24.51-b03) for linux-amd64 JRE (1.7.0_51-b13), built on Dec 18 2013 18:48:01 by "java_re" with gcc 4.3.0 20080428 (Red Hat 4.3.0-8)

time: Fri Jun 13 11:53:04 2014
elapsed time: 1 seconds

